<?xml version="1.0" encoding="UTF-8"?>
<testsuite name="sample.AbundantNumbersTest" tests="8" skipped="0" failures="0" errors="0" timestamp="2020-12-01T04:11:35" hostname="LAPTOP-JEREMY" time="0.143">
  <properties/>
  <testcase name="canary()" classname="sample.AbundantNumbersTest" time="0.049"/>
  <testcase name="convert(Integer, boolean)[1]" classname="sample.AbundantNumbersTest" time="0.041"/>
  <testcase name="convert(Integer, boolean)[2]" classname="sample.AbundantNumbersTest" time="0.001"/>
  <testcase name="convert(Integer, boolean)[3]" classname="sample.AbundantNumbersTest" time="0.0"/>
  <testcase name="convert(Integer, boolean)[4]" classname="sample.AbundantNumbersTest" time="0.001"/>
  <testcase name="convert(Integer, boolean)[5]" classname="sample.AbundantNumbersTest" time="0.001"/>
  <testcase name="convert(Integer, boolean)[6]" classname="sample.AbundantNumbersTest" time="0.001"/>
  <testcase name="convert(Integer, boolean)[7]" classname="sample.AbundantNumbersTest" time="0.002"/>
  <system-out><![CDATA[]]></system-out>
  <system-err><![CDATA[]]></system-err>
</testsuite>
