<?xml version="1.0" encoding="UTF-8"?>
<testsuite name="sample.PerfectNumbersTest" tests="5" skipped="0" failures="0" errors="0" timestamp="2020-12-01T04:11:35" hostname="LAPTOP-JEREMY" time="0.013">
  <properties/>
  <testcase name="canary()" classname="sample.PerfectNumbersTest" time="0.0"/>
  <testcase name="convert(Integer, boolean)[1]" classname="sample.PerfectNumbersTest" time="0.004"/>
  <testcase name="convert(Integer, boolean)[2]" classname="sample.PerfectNumbersTest" time="0.001"/>
  <testcase name="convert(Integer, boolean)[3]" classname="sample.PerfectNumbersTest" time="0.0"/>
  <testcase name="convert(Integer, boolean)[4]" classname="sample.PerfectNumbersTest" time="0.001"/>
  <system-out><![CDATA[]]></system-out>
  <system-err><![CDATA[]]></system-err>
</testsuite>
